<?xml version="1.0" encoding="UTF-8"?>
<testsuite name="com.localhost.swaggerinfo.ProductDataDrivenTest" time="0" tests="5" errors="5" skipped="0" failures="0">
  <properties>
[...]
</properties>
  <testcase name="getAllProducts" classname="com.localhost.swaggerinfo.ProductDataDrivenTest" time="0">
    <error type="java.lang.NullPointerException:">java.lang.NullPointerException: null
	at com.localhost.swaggerinfo.ProductDataDrivenTest.getAllProducts(ProductDataDrivenTest.java:72)
</error>
    <system-err><![CDATA[43744 [main] INFO net.serenitybdd.core.Serenity - 
        __    _____ _____ ____ _____   ____   _    ____  ____  _____ ____  
  _     \ \  |_   _| ____/ ___|_   _| |  _ \ / \  / ___|/ ___|| ____|  _ \ 
 (_)_____| |   | | |  _| \___ \ | |   | |_) / _ \ \___ \\___ \|  _| | | | |
  _|_____| |   | | | |___ ___) || |   |  __/ ___ \ ___) |___) | |___| |_| |
 (_)     | |   |_| |_____|____/ |_|   |_| /_/   \_\____/|____/|_____|____/ 
        /_/                                                                

TEST PASSED: Update the category information and verify updated categories
----------------------------------------------------------------------------
43749 [pool-191-thread-3] INFO net.thucydides.core.reports.json.JSONTestOutcomeReporter - Generating JSON report for This will create a new category to file C:\Users\harsh\IdeaProjects\homework-week19-project5-bestApi-serenity - Cucumber\target\site\serenity\8c54d619b4af6e5c7faa2f368731db38a0753b61f044962e6bfb295c0796551e.json (using temp file C:\Users\harsh\IdeaProjects\homework-week19-project5-bestApi-serenity - Cucumber\target\site\serenity\8c54d619b4af6e5c7faa2f368731db38a0753b61f044962e6bfb295c0796551e.jsonda58a7de-7eac-438e-83bc-f8039acab739)
43749 [pool-191-thread-2] INFO net.thucydides.core.reports.json.JSONTestOutcomeReporter - Generating JSON report for Verify if the category was added to the stock to file C:\Users\harsh\IdeaProjects\homework-week19-project5-bestApi-serenity - Cucumber\target\site\serenity\bbf0934b188df7807199a477001d289d4a71554334c0ab9ed157310519142e18.json (using temp file C:\Users\harsh\IdeaProjects\homework-week19-project5-bestApi-serenity - Cucumber\target\site\serenity\bbf0934b188df7807199a477001d289d4a71554334c0ab9ed157310519142e18.json145bb030-dcfe-4772-a3e8-2aaf9a1a33b9)
43749 [pool-191-thread-1] INFO net.thucydides.core.reports.json.JSONTestOutcomeReporter - Generating JSON report for Delete the category and verify if the category is deleted! to file C:\Users\harsh\IdeaProjects\homework-week19-project5-bestApi-serenity - Cucumber\target\site\serenity\e48792b49565f3d67544c519ad85033bbe4d05259f765f40f1613132c41b2df7.json (using temp file C:\Users\harsh\IdeaProjects\homework-week19-project5-bestApi-serenity - Cucumber\target\site\serenity\e48792b49565f3d67544c519ad85033bbe4d05259f765f40f1613132c41b2df7.json3f186c09-ab19-40ae-91be-cc3a4a7ebb24)
43749 [pool-191-thread-4] INFO net.thucydides.core.reports.json.JSONTestOutcomeReporter - Generating JSON report for Update the category information and verify updated categories to file C:\Users\harsh\IdeaProjects\homework-week19-project5-bestApi-serenity - Cucumber\target\site\serenity\270a78d78ffa531092340534925892dcbec8eec7d9bc392875c9370effe9b32f.json (using temp file C:\Users\harsh\IdeaProjects\homework-week19-project5-bestApi-serenity - Cucumber\target\site\serenity\270a78d78ffa531092340534925892dcbec8eec7d9bc392875c9370effe9b32f.jsonfebe5fa4-a383-4d50-a195-82c6250f5f66)
43764 [pool-192-thread-1] INFO net.thucydides.core.reports.html.HtmlAcceptanceTestReporter - GENERATING HTML REPORT FOR Categories data driven test:deleteCategoryAndVerify in e48792b49565f3d67544c519ad85033bbe4d05259f765f40f1613132c41b2df7.html in directory target\site\serenity  
43766 [pool-192-thread-4] INFO net.thucydides.core.reports.html.HtmlAcceptanceTestReporter - GENERATING HTML REPORT FOR Categories data driven test:updateCategoryInformation in 270a78d78ffa531092340534925892dcbec8eec7d9bc392875c9370effe9b32f.html in directory target\site\serenity  
43780 [pool-192-thread-3] INFO net.thucydides.core.reports.html.HtmlAcceptanceTestReporter - GENERATING HTML REPORT FOR Categories data driven test:createMultipleCategory in 8c54d619b4af6e5c7faa2f368731db38a0753b61f044962e6bfb295c0796551e.html in directory target\site\serenity  
43780 [pool-192-thread-2] INFO net.thucydides.core.reports.html.HtmlAcceptanceTestReporter - GENERATING HTML REPORT FOR Categories data driven test:verifyCategoryAdded in bbf0934b188df7807199a477001d289d4a71554334c0ab9ed157310519142e18.html in directory target\site\serenity  
]]></system-err>
  </testcase>
  <testcase name="verifyProductAdded" classname="com.localhost.swaggerinfo.ProductDataDrivenTest" time="0">
    <error type="java.lang.NullPointerException:">java.lang.NullPointerException: null
	at com.localhost.swaggerinfo.ProductDataDrivenTest.verifyProductAdded(ProductDataDrivenTest.java:48)
</error>
  </testcase>
  <testcase name="createMultipleProducts" classname="com.localhost.swaggerinfo.ProductDataDrivenTest" time="0">
    <error type="java.lang.NullPointerException:">java.lang.NullPointerException: null
	at com.localhost.swaggerinfo.ProductDataDrivenTest.createMultipleProducts(ProductDataDrivenTest.java:38)
</error>
  </testcase>
  <testcase name="updateProductInformation" classname="com.localhost.swaggerinfo.ProductDataDrivenTest" time="0">
    <error type="java.lang.NullPointerException:">java.lang.NullPointerException: null
	at com.localhost.swaggerinfo.ProductDataDrivenTest.updateProductInformation(ProductDataDrivenTest.java:58)
</error>
  </testcase>
  <testcase name="deleteProductAndVerify" classname="com.localhost.swaggerinfo.ProductDataDrivenTest" time="0">
    <error type="java.lang.NullPointerException:">java.lang.NullPointerException: null
	at com.localhost.swaggerinfo.ProductDataDrivenTest.deleteProductAndVerify(ProductDataDrivenTest.java:66)
</error>
  </testcase>
</testsuite>