<?xml version="1.0" encoding="UTF-8"?><testsuite errors="0" failures="0" name="Testing different request on the product" skipped="0" tests="8" time="1.06" timestamp="2022-06-20T13:22:57.156+01:00[Europe/London]"><testcase name="I get all categories from application"/><testcase name="I create categories from application"/><testcase name="I update categories from application"/><testcase name="I delete categories from application"/><testcase name="I get all products from application"/><testcase name="I create product from application"/><testcase name="I update product from application"/><testcase name="I delete product from application"/></testsuite>